五月 18, 2021 3:39:45 下午 io.github.yedaxia.apidocs.LogUtils info
信息: info: find java src paths:  [D:\Idea_workspace\springBootLearn\04_SB_Jdbc\src\main\java\]
五月 18, 2021 3:39:45 下午 io.github.yedaxia.apidocs.LogUtils info
信息: info: project type not set, try to figure out...
五月 18, 2021 3:39:45 下午 io.github.yedaxia.apidocs.LogUtils info
信息: info: start find controllers in path : D:\Idea_workspace\springBootLearn\04_SB_Jdbc\src\main\java\
五月 18, 2021 3:39:45 下午 io.github.yedaxia.apidocs.LogUtils info
信息: info: find controller file : articleController.java
五月 18, 2021 3:39:45 下午 io.github.yedaxia.apidocs.LogUtils info
信息: info: find controller file : testJSController.java
五月 18, 2021 3:39:45 下午 io.github.yedaxia.apidocs.LogUtils info
信息: info: start to parse controller file : articleController.java
五月 18, 2021 3:39:45 下午 io.github.yedaxia.apidocs.LogUtils info
信息: info: we think Object should not be an enum type
五月 18, 2021 3:39:45 下午 io.github.yedaxia.apidocs.LogUtils warn
警告: warning!! Cannot find java file , in java file : D:\Idea_workspace\springBootLearn\04_SB_Jdbc\src\main\java\com\ljj\springboot\tools\AjaxResponse.java, className : Object, we cannot found more information of it, you've better to make it a JavaBean
五月 18, 2021 3:39:45 下午 io.github.yedaxia.apidocs.LogUtils info
信息: info: we think Object should not be an enum type
五月 18, 2021 3:39:45 下午 io.github.yedaxia.apidocs.LogUtils warn
警告: warning!! Cannot find java file , in java file : D:\Idea_workspace\springBootLearn\04_SB_Jdbc\src\main\java\com\ljj\springboot\tools\AjaxResponse.java, className : Object, we cannot found more information of it, you've better to make it a JavaBean
五月 18, 2021 3:39:45 下午 io.github.yedaxia.apidocs.LogUtils info
信息: info: we think Object should not be an enum type
五月 18, 2021 3:39:45 下午 io.github.yedaxia.apidocs.LogUtils warn
警告: warning!! Cannot find java file , in java file : D:\Idea_workspace\springBootLearn\04_SB_Jdbc\src\main\java\com\ljj\springboot\tools\AjaxResponse.java, className : Object, we cannot found more information of it, you've better to make it a JavaBean
五月 18, 2021 3:39:45 下午 io.github.yedaxia.apidocs.LogUtils info
信息: info: we think Object should not be an enum type
五月 18, 2021 3:39:45 下午 io.github.yedaxia.apidocs.LogUtils warn
警告: warning!! Cannot find java file , in java file : D:\Idea_workspace\springBootLearn\04_SB_Jdbc\src\main\java\com\ljj\springboot\tools\AjaxResponse.java, className : Object, we cannot found more information of it, you've better to make it a JavaBean
五月 18, 2021 3:39:45 下午 io.github.yedaxia.apidocs.LogUtils info
信息: info: we think Object should not be an enum type
五月 18, 2021 3:39:45 下午 io.github.yedaxia.apidocs.LogUtils warn
警告: warning!! Cannot find java file , in java file : D:\Idea_workspace\springBootLearn\04_SB_Jdbc\src\main\java\com\ljj\springboot\tools\AjaxResponse.java, className : Object, we cannot found more information of it, you've better to make it a JavaBean
五月 18, 2021 3:39:45 下午 io.github.yedaxia.apidocs.LogUtils info
信息: info: success to parse controller file : articleController.java
五月 18, 2021 3:39:45 下午 io.github.yedaxia.apidocs.LogUtils info
信息: info: start to parse controller file : testJSController.java
五月 18, 2021 3:39:45 下午 io.github.yedaxia.apidocs.LogUtils info
信息: info: success to parse controller file : testJSController.java
五月 18, 2021 3:39:45 下午 io.github.yedaxia.apidocs.LogUtils info
信息: info: generate api docs start...
五月 18, 2021 3:39:45 下午 io.github.yedaxia.apidocs.LogUtils info
信息: info: start to generate docs for controller file : D:\Idea_workspace\springBootLearn\04_SB_Jdbc\src\main\java\com\ljj\springboot\Controller\articleController.java
五月 18, 2021 3:39:46 下午 io.github.yedaxia.apidocs.LogUtils info
信息: info: success to generate docs for controller file : D:\Idea_workspace\springBootLearn\04_SB_Jdbc\src\main\java\com\ljj\springboot\Controller\articleController.java
五月 18, 2021 3:39:46 下午 io.github.yedaxia.apidocs.LogUtils info
信息: info: start to generate docs for controller file : D:\Idea_workspace\springBootLearn\04_SB_Jdbc\src\main\java\com\ljj\springboot\Controller\testJSController.java
五月 18, 2021 3:39:46 下午 io.github.yedaxia.apidocs.LogUtils info
信息: info: success to generate docs for controller file : D:\Idea_workspace\springBootLearn\04_SB_Jdbc\src\main\java\com\ljj\springboot\Controller\testJSController.java
五月 18, 2021 3:39:46 下午 io.github.yedaxia.apidocs.LogUtils info
信息: info: generate index start !!!
五月 18, 2021 3:39:46 下午 io.github.yedaxia.apidocs.LogUtils info
信息: info: generate index done !!!
五月 18, 2021 3:39:46 下午 io.github.yedaxia.apidocs.LogUtils info
信息: info: generate api docs done !!!
五月 18, 2021 3:39:46 下午 io.github.yedaxia.apidocs.LogUtils info
信息: info: find java src paths:  [D:\Idea_workspace\springBootLearn\04_SB_Jdbc\src\main\java\]
五月 18, 2021 3:39:46 下午 io.github.yedaxia.apidocs.LogUtils info
信息: info: project type not set, try to figure out...
五月 18, 2021 3:39:46 下午 io.github.yedaxia.apidocs.LogUtils info
信息: info: start find controllers in path : D:\Idea_workspace\springBootLearn\04_SB_Jdbc\src\main\java\
五月 18, 2021 3:39:46 下午 io.github.yedaxia.apidocs.LogUtils info
信息: info: find controller file : articleController.java
五月 18, 2021 3:39:46 下午 io.github.yedaxia.apidocs.LogUtils info
信息: info: find controller file : testJSController.java
五月 18, 2021 3:39:46 下午 io.github.yedaxia.apidocs.LogUtils info
信息: info: start to parse controller file : articleController.java
五月 18, 2021 3:39:46 下午 io.github.yedaxia.apidocs.LogUtils info
信息: info: we think Object should not be an enum type
五月 18, 2021 3:39:46 下午 io.github.yedaxia.apidocs.LogUtils warn
警告: warning!! Cannot find java file , in java file : D:\Idea_workspace\springBootLearn\04_SB_Jdbc\src\main\java\com\ljj\springboot\tools\AjaxResponse.java, className : Object, we cannot found more information of it, you've better to make it a JavaBean
五月 18, 2021 3:39:46 下午 io.github.yedaxia.apidocs.LogUtils info
信息: info: we think Object should not be an enum type
五月 18, 2021 3:39:46 下午 io.github.yedaxia.apidocs.LogUtils warn
警告: warning!! Cannot find java file , in java file : D:\Idea_workspace\springBootLearn\04_SB_Jdbc\src\main\java\com\ljj\springboot\tools\AjaxResponse.java, className : Object, we cannot found more information of it, you've better to make it a JavaBean
五月 18, 2021 3:39:46 下午 io.github.yedaxia.apidocs.LogUtils info
信息: info: we think Object should not be an enum type
五月 18, 2021 3:39:46 下午 io.github.yedaxia.apidocs.LogUtils warn
警告: warning!! Cannot find java file , in java file : D:\Idea_workspace\springBootLearn\04_SB_Jdbc\src\main\java\com\ljj\springboot\tools\AjaxResponse.java, className : Object, we cannot found more information of it, you've better to make it a JavaBean
五月 18, 2021 3:39:46 下午 io.github.yedaxia.apidocs.LogUtils info
信息: info: we think Object should not be an enum type
五月 18, 2021 3:39:46 下午 io.github.yedaxia.apidocs.LogUtils warn
警告: warning!! Cannot find java file , in java file : D:\Idea_workspace\springBootLearn\04_SB_Jdbc\src\main\java\com\ljj\springboot\tools\AjaxResponse.java, className : Object, we cannot found more information of it, you've better to make it a JavaBean
五月 18, 2021 3:39:46 下午 io.github.yedaxia.apidocs.LogUtils info
信息: info: we think Object should not be an enum type
五月 18, 2021 3:39:46 下午 io.github.yedaxia.apidocs.LogUtils warn
警告: warning!! Cannot find java file , in java file : D:\Idea_workspace\springBootLearn\04_SB_Jdbc\src\main\java\com\ljj\springboot\tools\AjaxResponse.java, className : Object, we cannot found more information of it, you've better to make it a JavaBean
五月 18, 2021 3:39:46 下午 io.github.yedaxia.apidocs.LogUtils info
信息: info: success to parse controller file : articleController.java
五月 18, 2021 3:39:46 下午 io.github.yedaxia.apidocs.LogUtils info
信息: info: start to parse controller file : testJSController.java
五月 18, 2021 3:39:46 下午 io.github.yedaxia.apidocs.LogUtils info
信息: info: success to parse controller file : testJSController.java
五月 18, 2021 3:39:46 下午 io.github.yedaxia.apidocs.LogUtils info
信息: info: generate api docs start...
五月 18, 2021 3:39:46 下午 io.github.yedaxia.apidocs.LogUtils info
信息: info: start to generate docs for controller file : D:\Idea_workspace\springBootLearn\04_SB_Jdbc\src\main\java\com\ljj\springboot\Controller\articleController.java
五月 18, 2021 3:39:46 下午 io.github.yedaxia.apidocs.LogUtils info
信息: info: success to generate docs for controller file : D:\Idea_workspace\springBootLearn\04_SB_Jdbc\src\main\java\com\ljj\springboot\Controller\articleController.java
五月 18, 2021 3:39:46 下午 io.github.yedaxia.apidocs.LogUtils info
信息: info: start to generate docs for controller file : D:\Idea_workspace\springBootLearn\04_SB_Jdbc\src\main\java\com\ljj\springboot\Controller\testJSController.java
五月 18, 2021 3:39:46 下午 io.github.yedaxia.apidocs.LogUtils info
信息: info: success to generate docs for controller file : D:\Idea_workspace\springBootLearn\04_SB_Jdbc\src\main\java\com\ljj\springboot\Controller\testJSController.java
五月 18, 2021 3:39:46 下午 io.github.yedaxia.apidocs.LogUtils info
信息: info: generate index start !!!
五月 18, 2021 3:39:46 下午 io.github.yedaxia.apidocs.LogUtils info
信息: info: generate index done !!!
五月 18, 2021 3:39:46 下午 io.github.yedaxia.apidocs.LogUtils info
信息: info: generate api docs done !!!
