八月 11, 2020 2:18:47 下午 io.github.yedaxia.apidocs.LogUtils info
信息: info: find java src paths:  [D:\Idea_workspace\springBootLearn\01_helloSB\src\main\java\]
八月 11, 2020 2:18:47 下午 io.github.yedaxia.apidocs.LogUtils info
信息: info: project type not set, try to figure out...
八月 11, 2020 2:18:47 下午 io.github.yedaxia.apidocs.LogUtils info
信息: info: start find controllers in path : D:\Idea_workspace\springBootLearn\01_helloSB\src\main\java\
八月 11, 2020 2:18:47 下午 io.github.yedaxia.apidocs.LogUtils info
信息: info: find controller file : ArticleController.java
八月 11, 2020 2:18:47 下午 io.github.yedaxia.apidocs.LogUtils info
信息: info: find controller file : HelloController.java
八月 11, 2020 2:18:47 下午 io.github.yedaxia.apidocs.LogUtils info
信息: info: start to parse controller file : ArticleController.java
八月 11, 2020 2:18:48 下午 io.github.yedaxia.apidocs.LogUtils info
信息: info: we think E should not be an enum type
八月 11, 2020 2:18:48 下午 io.github.yedaxia.apidocs.LogUtils warn
警告: warning!! Cannot find java file , in java file : D:\Idea_workspace\springBootLearn\01_helloSB\src\main\java\com\ljj\hello\domain\AjaxResponse.java, className : E, we cannot found more information of it, you've better to make it a JavaBean
八月 11, 2020 2:18:48 下午 io.github.yedaxia.apidocs.LogUtils info
信息: info: we think E should not be an enum type
八月 11, 2020 2:18:48 下午 io.github.yedaxia.apidocs.LogUtils warn
警告: warning!! Cannot find java file , in java file : D:\Idea_workspace\springBootLearn\01_helloSB\src\main\java\com\ljj\hello\domain\ExcelResponse.java, className : E, we cannot found more information of it, you've better to make it a JavaBean
八月 11, 2020 2:18:48 下午 io.github.yedaxia.apidocs.LogUtils info
信息: info: success to parse controller file : ArticleController.java
八月 11, 2020 2:18:48 下午 io.github.yedaxia.apidocs.LogUtils info
信息: info: start to parse controller file : HelloController.java
八月 11, 2020 2:18:48 下午 io.github.yedaxia.apidocs.LogUtils info
信息: info: success to parse controller file : HelloController.java
八月 11, 2020 2:18:48 下午 io.github.yedaxia.apidocs.LogUtils info
信息: info: generate api docs start...
八月 11, 2020 2:18:48 下午 io.github.yedaxia.apidocs.LogUtils info
信息: info: start to generate docs for controller file : D:\Idea_workspace\springBootLearn\01_helloSB\src\main\java\com\ljj\hello\controller\ArticleController.java
八月 11, 2020 2:18:49 下午 io.github.yedaxia.apidocs.LogUtils info
信息: info: success to generate docs for controller file : D:\Idea_workspace\springBootLearn\01_helloSB\src\main\java\com\ljj\hello\controller\ArticleController.java
八月 11, 2020 2:18:49 下午 io.github.yedaxia.apidocs.LogUtils info
信息: info: start to generate docs for controller file : D:\Idea_workspace\springBootLearn\01_helloSB\src\main\java\com\ljj\hello\controller\HelloController.java
八月 11, 2020 2:18:49 下午 io.github.yedaxia.apidocs.LogUtils info
信息: info: success to generate docs for controller file : D:\Idea_workspace\springBootLearn\01_helloSB\src\main\java\com\ljj\hello\controller\HelloController.java
八月 11, 2020 2:18:49 下午 io.github.yedaxia.apidocs.LogUtils info
信息: info: generate index start !!!
八月 11, 2020 2:18:49 下午 io.github.yedaxia.apidocs.LogUtils info
信息: info: generate index done !!!
八月 11, 2020 2:18:49 下午 io.github.yedaxia.apidocs.LogUtils info
信息: info: generate api docs done !!!
八月 11, 2020 2:18:50 下午 io.github.yedaxia.apidocs.LogUtils info
信息: info: find java src paths:  [D:\Idea_workspace\springBootLearn\01_helloSB\src\main\java\]
八月 11, 2020 2:18:50 下午 io.github.yedaxia.apidocs.LogUtils info
信息: info: project type not set, try to figure out...
八月 11, 2020 2:18:50 下午 io.github.yedaxia.apidocs.LogUtils info
信息: info: start find controllers in path : D:\Idea_workspace\springBootLearn\01_helloSB\src\main\java\
八月 11, 2020 2:18:50 下午 io.github.yedaxia.apidocs.LogUtils info
信息: info: find controller file : ArticleController.java
八月 11, 2020 2:18:50 下午 io.github.yedaxia.apidocs.LogUtils info
信息: info: find controller file : HelloController.java
八月 11, 2020 2:18:50 下午 io.github.yedaxia.apidocs.LogUtils info
信息: info: start to parse controller file : ArticleController.java
八月 11, 2020 2:18:50 下午 io.github.yedaxia.apidocs.LogUtils info
信息: info: we think E should not be an enum type
八月 11, 2020 2:18:50 下午 io.github.yedaxia.apidocs.LogUtils warn
警告: warning!! Cannot find java file , in java file : D:\Idea_workspace\springBootLearn\01_helloSB\src\main\java\com\ljj\hello\domain\AjaxResponse.java, className : E, we cannot found more information of it, you've better to make it a JavaBean
八月 11, 2020 2:18:50 下午 io.github.yedaxia.apidocs.LogUtils info
信息: info: we think E should not be an enum type
八月 11, 2020 2:18:50 下午 io.github.yedaxia.apidocs.LogUtils warn
警告: warning!! Cannot find java file , in java file : D:\Idea_workspace\springBootLearn\01_helloSB\src\main\java\com\ljj\hello\domain\ExcelResponse.java, className : E, we cannot found more information of it, you've better to make it a JavaBean
八月 11, 2020 2:18:50 下午 io.github.yedaxia.apidocs.LogUtils info
信息: info: success to parse controller file : ArticleController.java
八月 11, 2020 2:18:50 下午 io.github.yedaxia.apidocs.LogUtils info
信息: info: start to parse controller file : HelloController.java
八月 11, 2020 2:18:50 下午 io.github.yedaxia.apidocs.LogUtils info
信息: info: success to parse controller file : HelloController.java
八月 11, 2020 2:18:50 下午 io.github.yedaxia.apidocs.LogUtils info
信息: info: generate api docs start...
八月 11, 2020 2:18:50 下午 io.github.yedaxia.apidocs.LogUtils info
信息: info: start to generate docs for controller file : D:\Idea_workspace\springBootLearn\01_helloSB\src\main\java\com\ljj\hello\controller\ArticleController.java
八月 11, 2020 2:18:50 下午 io.github.yedaxia.apidocs.LogUtils info
信息: info: success to generate docs for controller file : D:\Idea_workspace\springBootLearn\01_helloSB\src\main\java\com\ljj\hello\controller\ArticleController.java
八月 11, 2020 2:18:50 下午 io.github.yedaxia.apidocs.LogUtils info
信息: info: start to generate docs for controller file : D:\Idea_workspace\springBootLearn\01_helloSB\src\main\java\com\ljj\hello\controller\HelloController.java
八月 11, 2020 2:18:50 下午 io.github.yedaxia.apidocs.LogUtils info
信息: info: success to generate docs for controller file : D:\Idea_workspace\springBootLearn\01_helloSB\src\main\java\com\ljj\hello\controller\HelloController.java
八月 11, 2020 2:18:50 下午 io.github.yedaxia.apidocs.LogUtils info
信息: info: generate index start !!!
八月 11, 2020 2:18:50 下午 io.github.yedaxia.apidocs.LogUtils info
信息: info: generate index done !!!
八月 11, 2020 2:18:50 下午 io.github.yedaxia.apidocs.LogUtils info
信息: info: generate api docs done !!!
