八月 11, 2020 2:43:00 下午 io.github.yedaxia.apidocs.LogUtils info
信息: info: find java src paths:  [D:\Idea_workspace\springBootLearn\07_SB_redis\src\main\java\]
八月 11, 2020 2:43:00 下午 io.github.yedaxia.apidocs.LogUtils info
信息: info: project type not set, try to figure out...
八月 11, 2020 2:43:00 下午 io.github.yedaxia.apidocs.LogUtils info
信息: info: start find controllers in path : D:\Idea_workspace\springBootLearn\07_SB_redis\src\main\java\
八月 11, 2020 2:43:00 下午 io.github.yedaxia.apidocs.LogUtils info
信息: info: find controller file : articleController.java
八月 11, 2020 2:43:00 下午 io.github.yedaxia.apidocs.LogUtils info
信息: info: start to parse controller file : articleController.java
八月 11, 2020 2:43:01 下午 io.github.yedaxia.apidocs.LogUtils info
信息: info: we think Object should not be an enum type
八月 11, 2020 2:43:01 下午 io.github.yedaxia.apidocs.LogUtils warn
警告: warning!! Cannot find java file , in java file : D:\Idea_workspace\springBootLearn\07_SB_redis\src\main\java\com\ljj\redis\config\AjaxResponse.java, className : Object, we cannot found more information of it, you've better to make it a JavaBean
八月 11, 2020 2:43:01 下午 io.github.yedaxia.apidocs.LogUtils info
信息: info: we think Object should not be an enum type
八月 11, 2020 2:43:01 下午 io.github.yedaxia.apidocs.LogUtils warn
警告: warning!! Cannot find java file , in java file : D:\Idea_workspace\springBootLearn\07_SB_redis\src\main\java\com\ljj\redis\config\AjaxResponse.java, className : Object, we cannot found more information of it, you've better to make it a JavaBean
八月 11, 2020 2:43:01 下午 io.github.yedaxia.apidocs.LogUtils info
信息: info: we think Object should not be an enum type
八月 11, 2020 2:43:01 下午 io.github.yedaxia.apidocs.LogUtils warn
警告: warning!! Cannot find java file , in java file : D:\Idea_workspace\springBootLearn\07_SB_redis\src\main\java\com\ljj\redis\config\AjaxResponse.java, className : Object, we cannot found more information of it, you've better to make it a JavaBean
八月 11, 2020 2:43:01 下午 io.github.yedaxia.apidocs.LogUtils info
信息: info: we think Object should not be an enum type
八月 11, 2020 2:43:01 下午 io.github.yedaxia.apidocs.LogUtils warn
警告: warning!! Cannot find java file , in java file : D:\Idea_workspace\springBootLearn\07_SB_redis\src\main\java\com\ljj\redis\config\AjaxResponse.java, className : Object, we cannot found more information of it, you've better to make it a JavaBean
八月 11, 2020 2:43:01 下午 io.github.yedaxia.apidocs.LogUtils info
信息: info: we think Object should not be an enum type
八月 11, 2020 2:43:01 下午 io.github.yedaxia.apidocs.LogUtils warn
警告: warning!! Cannot find java file , in java file : D:\Idea_workspace\springBootLearn\07_SB_redis\src\main\java\com\ljj\redis\config\AjaxResponse.java, className : Object, we cannot found more information of it, you've better to make it a JavaBean
八月 11, 2020 2:43:01 下午 io.github.yedaxia.apidocs.LogUtils info
信息: info: success to parse controller file : articleController.java
八月 11, 2020 2:43:01 下午 io.github.yedaxia.apidocs.LogUtils info
信息: info: generate api docs start...
八月 11, 2020 2:43:01 下午 io.github.yedaxia.apidocs.LogUtils info
信息: info: start to generate docs for controller file : D:\Idea_workspace\springBootLearn\07_SB_redis\src\main\java\com\ljj\redis\Controller\articleController.java
八月 11, 2020 2:43:01 下午 io.github.yedaxia.apidocs.LogUtils info
信息: info: success to generate docs for controller file : D:\Idea_workspace\springBootLearn\07_SB_redis\src\main\java\com\ljj\redis\Controller\articleController.java
八月 11, 2020 2:43:01 下午 io.github.yedaxia.apidocs.LogUtils info
信息: info: generate index start !!!
八月 11, 2020 2:43:01 下午 io.github.yedaxia.apidocs.LogUtils info
信息: info: generate index done !!!
八月 11, 2020 2:43:01 下午 io.github.yedaxia.apidocs.LogUtils info
信息: info: generate api docs done !!!
八月 11, 2020 2:43:01 下午 io.github.yedaxia.apidocs.LogUtils info
信息: info: find java src paths:  [D:\Idea_workspace\springBootLearn\07_SB_redis\src\main\java\]
八月 11, 2020 2:43:01 下午 io.github.yedaxia.apidocs.LogUtils info
信息: info: project type not set, try to figure out...
八月 11, 2020 2:43:01 下午 io.github.yedaxia.apidocs.LogUtils info
信息: info: start find controllers in path : D:\Idea_workspace\springBootLearn\07_SB_redis\src\main\java\
八月 11, 2020 2:43:01 下午 io.github.yedaxia.apidocs.LogUtils info
信息: info: find controller file : articleController.java
八月 11, 2020 2:43:01 下午 io.github.yedaxia.apidocs.LogUtils info
信息: info: start to parse controller file : articleController.java
八月 11, 2020 2:43:01 下午 io.github.yedaxia.apidocs.LogUtils info
信息: info: we think Object should not be an enum type
八月 11, 2020 2:43:01 下午 io.github.yedaxia.apidocs.LogUtils warn
警告: warning!! Cannot find java file , in java file : D:\Idea_workspace\springBootLearn\07_SB_redis\src\main\java\com\ljj\redis\config\AjaxResponse.java, className : Object, we cannot found more information of it, you've better to make it a JavaBean
八月 11, 2020 2:43:01 下午 io.github.yedaxia.apidocs.LogUtils info
信息: info: we think Object should not be an enum type
八月 11, 2020 2:43:01 下午 io.github.yedaxia.apidocs.LogUtils warn
警告: warning!! Cannot find java file , in java file : D:\Idea_workspace\springBootLearn\07_SB_redis\src\main\java\com\ljj\redis\config\AjaxResponse.java, className : Object, we cannot found more information of it, you've better to make it a JavaBean
八月 11, 2020 2:43:01 下午 io.github.yedaxia.apidocs.LogUtils info
信息: info: we think Object should not be an enum type
八月 11, 2020 2:43:01 下午 io.github.yedaxia.apidocs.LogUtils warn
警告: warning!! Cannot find java file , in java file : D:\Idea_workspace\springBootLearn\07_SB_redis\src\main\java\com\ljj\redis\config\AjaxResponse.java, className : Object, we cannot found more information of it, you've better to make it a JavaBean
八月 11, 2020 2:43:01 下午 io.github.yedaxia.apidocs.LogUtils info
信息: info: we think Object should not be an enum type
八月 11, 2020 2:43:01 下午 io.github.yedaxia.apidocs.LogUtils warn
警告: warning!! Cannot find java file , in java file : D:\Idea_workspace\springBootLearn\07_SB_redis\src\main\java\com\ljj\redis\config\AjaxResponse.java, className : Object, we cannot found more information of it, you've better to make it a JavaBean
八月 11, 2020 2:43:01 下午 io.github.yedaxia.apidocs.LogUtils info
信息: info: we think Object should not be an enum type
八月 11, 2020 2:43:01 下午 io.github.yedaxia.apidocs.LogUtils warn
警告: warning!! Cannot find java file , in java file : D:\Idea_workspace\springBootLearn\07_SB_redis\src\main\java\com\ljj\redis\config\AjaxResponse.java, className : Object, we cannot found more information of it, you've better to make it a JavaBean
八月 11, 2020 2:43:01 下午 io.github.yedaxia.apidocs.LogUtils info
信息: info: success to parse controller file : articleController.java
八月 11, 2020 2:43:01 下午 io.github.yedaxia.apidocs.LogUtils info
信息: info: generate api docs start...
八月 11, 2020 2:43:01 下午 io.github.yedaxia.apidocs.LogUtils info
信息: info: start to generate docs for controller file : D:\Idea_workspace\springBootLearn\07_SB_redis\src\main\java\com\ljj\redis\Controller\articleController.java
八月 11, 2020 2:43:01 下午 io.github.yedaxia.apidocs.LogUtils info
信息: info: success to generate docs for controller file : D:\Idea_workspace\springBootLearn\07_SB_redis\src\main\java\com\ljj\redis\Controller\articleController.java
八月 11, 2020 2:43:01 下午 io.github.yedaxia.apidocs.LogUtils info
信息: info: generate index start !!!
八月 11, 2020 2:43:01 下午 io.github.yedaxia.apidocs.LogUtils info
信息: info: generate index done !!!
八月 11, 2020 2:43:01 下午 io.github.yedaxia.apidocs.LogUtils info
信息: info: generate api docs done !!!
